2023-06-16 16:52:08,155 -0500 [main] DEBUG (TestBase.java:41) - Getting config properties in the file
2023-06-16 16:52:08,157 -0500 [main] DEBUG (TestBase.java:50) - Starting browser configuration
2023-06-16 16:52:14,357 -0500 [main] DEBUG (TestBase.java:55) - Opening url
2023-06-16 16:58:00,527 -0500 [main] DEBUG (TestBase.java:41) - Getting config properties in the file
2023-06-16 16:58:00,529 -0500 [main] DEBUG (TestBase.java:50) - Starting browser configuration
2023-06-16 16:58:05,777 -0500 [main] DEBUG (TestBase.java:55) - Opening url
2023-06-16 17:03:14,578 -0500 [main] DEBUG (TestBase.java:41) - Getting config properties in the file
2023-06-16 17:03:14,580 -0500 [main] DEBUG (TestBase.java:50) - Starting browser configuration
2023-06-16 17:03:20,014 -0500 [main] DEBUG (TestBase.java:55) - Opening url
2023-06-18 18:26:14,763 -0500 [main] DEBUG (BasePage.java:59) - Opening url
2023-06-18 18:26:14,763 -0500 [main] DEBUG (BasePage.java:59) - Opening url
2023-06-18 18:26:14,764 -0500 [main] DEBUG (BasePage.java:48) - Getting properties values
2023-06-18 18:26:14,764 -0500 [main] DEBUG (BasePage.java:48) - Getting properties values
2023-06-21 09:43:06,839 -0500 [main] DEBUG (BasePage.java:59) - Opening url
2023-06-21 09:43:06,839 -0500 [main] DEBUG (BasePage.java:59) - Opening url
2023-06-21 09:43:06,840 -0500 [main] DEBUG (BasePage.java:48) - Getting properties values
2023-06-21 09:43:06,840 -0500 [main] DEBUG (BasePage.java:48) - Getting properties values
2023-06-21 20:59:55,150 -0500 [main] DEBUG (BasePage.java:59) - Opening url
2023-06-21 20:59:55,150 -0500 [main] DEBUG (BasePage.java:59) - Opening url
2023-06-21 20:59:55,151 -0500 [main] DEBUG (BasePage.java:48) - Getting properties values
2023-06-21 20:59:55,151 -0500 [main] DEBUG (BasePage.java:48) - Getting properties values
2023-06-21 21:58:57,035 -0500 [main] DEBUG (BasePage.java:59) - Opening url
2023-06-21 21:58:57,035 -0500 [main] DEBUG (BasePage.java:59) - Opening url
2023-06-21 21:58:57,037 -0500 [main] DEBUG (BasePage.java:48) - Getting properties values
2023-06-21 21:58:57,037 -0500 [main] DEBUG (BasePage.java:48) - Getting properties values
2023-06-28 08:41:57,304 -0500 [main] DEBUG (BasePage.java:59) - Opening url
2023-06-28 08:41:57,304 -0500 [main] DEBUG (BasePage.java:59) - Opening url
2023-06-28 08:41:57,306 -0500 [main] DEBUG (BasePage.java:48) - Getting properties values
2023-06-28 08:41:57,306 -0500 [main] DEBUG (BasePage.java:48) - Getting properties values
2023-06-28 09:22:23,258 -0500 [main] DEBUG (AbstractTest.java:36) - Closing wiremock server
2023-06-28 09:22:23,258 -0500 [main] DEBUG (AbstractTest.java:36) - Closing wiremock server
2023-06-28 09:51:25,031 -0500 [main] DEBUG (BasePage.java:59) - Opening url
2023-06-28 09:51:25,031 -0500 [main] DEBUG (BasePage.java:59) - Opening url
2023-06-28 09:51:25,032 -0500 [main] DEBUG (BasePage.java:48) - Getting properties values
2023-06-28 09:51:25,032 -0500 [main] DEBUG (BasePage.java:48) - Getting properties values
2023-06-28 09:51:39,821 -0500 [main] DEBUG (AbstractTest.java:36) - Closing wiremock server
2023-06-28 09:51:39,821 -0500 [main] DEBUG (AbstractTest.java:36) - Closing wiremock server
2023-06-30 11:44:53,664 -0500 [main] INFO  (AbstractTest.java:22) - Starting wiremock server
2023-06-30 11:44:54,033 -0500 [main] INFO  (AbstractTest.java:25) - Configuring wiremock server
2023-06-30 11:44:54,874 -0500 [main] INFO  (LoginAPiTest.java:33) - Getting response using mockQpwL5tke4Pnpja7X677744
2023-06-30 11:44:54,885 -0500 [main] INFO  (AbstractTest.java:41) - Closing wiremock server
2023-06-30 11:48:17,002 -0500 [main] INFO  (AbstractTest.java:22) - Starting wiremock server
2023-06-30 11:48:17,446 -0500 [main] INFO  (AbstractTest.java:25) - Configuring wiremock server
2023-06-30 11:48:17,467 -0500 [main] INFO  (TestListeners.java:18) - Starting testnull
2023-06-30 11:48:18,307 -0500 [main] INFO  (LoginAPiTest.java:33) - Getting response using mock: QpwL5tke4Pnpja7X677744
2023-06-30 11:48:18,314 -0500 [main] INFO  (TestListeners.java:28) - This test have failedlogInUsingMock java.lang.AssertionError: expected [QpwL5tke4Pnpja7X67778998944] but found [QpwL5tke4Pnpja7X677744]
2023-06-30 11:48:18,314 -0500 [main] INFO  (TestListeners.java:35) - Test have failednull
2023-06-30 11:48:18,317 -0500 [main] INFO  (AbstractTest.java:41) - Closing wiremock server
2023-06-30 11:52:04,926 -0500 [main] INFO  (AbstractTest.java:22) - Starting wiremock server
2023-06-30 11:52:05,307 -0500 [main] INFO  (AbstractTest.java:25) - Configuring wiremock server
2023-06-30 11:52:05,326 -0500 [main] INFO  (TestListeners.java:18) - Starting testnull
2023-06-30 11:52:06,120 -0500 [main] INFO  (LoginAPiTest.java:33) - Getting response using mock: QpwL5tke4Pnpja7X677744
2023-06-30 11:52:06,127 -0500 [main] INFO  (TestListeners.java:28) - This test have failed: logInUsingMock java.lang.AssertionError: expected [QpwL5tke4Pnpja7X67778998944] but found [QpwL5tke4Pnpja7X677744]
2023-06-30 11:52:06,127 -0500 [main] INFO  (TestListeners.java:35) - Test have failed: null
2023-06-30 12:05:17,061 -0500 [main] INFO  (AbstractTest.java:22) - Starting wiremock server
2023-06-30 12:05:17,464 -0500 [main] INFO  (AbstractTest.java:25) - Configuring wiremock server
2023-06-30 12:05:17,484 -0500 [main] INFO  (TestListeners.java:18) - Starting test logInUsingMock
2023-06-30 12:05:18,148 -0500 [main] INFO  (TestListeners.java:28) - This test have failed: logInUsingMock io.restassured.path.json.exception.JsonPathException: Failed to parse the JSON document
2023-06-30 12:05:18,149 -0500 [main] INFO  (TestUtils.java:24) - Driver is null not screenshot was taken
2023-06-30 12:05:18,149 -0500 [main] INFO  (TestListeners.java:35) - Test have failed: logInUsingMock
2023-06-30 12:11:01,128 -0500 [main] INFO  (AbstractTest.java:22) - Starting wiremock server
2023-06-30 12:11:01,511 -0500 [main] INFO  (AbstractTest.java:25) - Configuring wiremock server
2023-06-30 12:11:01,531 -0500 [main] INFO  (TestListeners.java:18) - Starting test logInUsingMock
2023-06-30 12:11:02,173 -0500 [main] INFO  (TestListeners.java:28) - This test have failed: logInUsingMock io.restassured.path.json.exception.JsonPathException: Failed to parse the JSON document
2023-06-30 12:11:02,173 -0500 [main] INFO  (TestUtils.java:24) - Driver is null not screenshot was taken
2023-06-30 12:11:02,173 -0500 [main] INFO  (TestListeners.java:35) - Test have failed: logInUsingMock
2023-06-30 12:13:35,950 -0500 [main] INFO  (AbstractTest.java:22) - Starting wiremock server
2023-06-30 12:13:36,314 -0500 [main] INFO  (AbstractTest.java:25) - Configuring wiremock server
2023-06-30 12:13:36,332 -0500 [main] INFO  (TestListeners.java:18) - Starting test logInUsingMock
2023-06-30 12:13:36,899 -0500 [main] INFO  (LoginAPiTest.java:38) - Getting response using mock: com.dto.UserResponse@3ff57625
2023-06-30 12:13:36,901 -0500 [main] INFO  (TestListeners.java:28) - This test have failed: logInUsingMock java.lang.AssertionError: expected [QpwL5tke4Pnpja7X67778998944] but found [com.dto.UserResponse@3ff57625]
2023-06-30 12:13:36,901 -0500 [main] INFO  (TestUtils.java:24) - Driver is null not screenshot was taken
2023-06-30 12:13:36,901 -0500 [main] INFO  (TestListeners.java:35) - Test have failed: logInUsingMock
2023-06-30 12:54:22,815 -0500 [main] INFO  (AbstractTest.java:22) - Starting wiremock server
2023-06-30 12:54:32,874 -0500 [main] INFO  (AbstractTest.java:25) - Configuring wiremock server
2023-06-30 12:54:52,289 -0500 [main] INFO  (TestListeners.java:18) - Starting test logInUsingMock
2023-06-30 12:56:33,021 -0500 [main] INFO  (LoginAPiTest.java:38) - Getting response using mock: com.dto.UserResponse@3703bf3c
2023-06-30 12:56:33,025 -0500 [main] INFO  (TestListeners.java:28) - This test have failed: logInUsingMock java.lang.AssertionError: expected [QpwL5tke4Pnpja7X67778998944] but found [com.dto.UserResponse@3703bf3c]
2023-06-30 12:56:33,026 -0500 [main] INFO  (TestUtils.java:24) - Driver is null not screenshot was taken
2023-06-30 12:56:33,026 -0500 [main] INFO  (TestListeners.java:35) - Test have failed: logInUsingMock
2023-06-30 14:40:14,263 -0500 [main] INFO  (AbstractTest.java:22) - Starting wiremock server
2023-06-30 14:40:14,647 -0500 [main] INFO  (AbstractTest.java:25) - Configuring wiremock server
2023-06-30 14:40:14,666 -0500 [main] INFO  (TestListeners.java:18) - Starting test logInUsingMock
2023-06-30 14:40:15,274 -0500 [main] INFO  (LoginAPiTest.java:38) - Getting response using mock: com.dto.UserResponse@5173200b
2023-06-30 14:40:15,276 -0500 [main] INFO  (TestListeners.java:28) - This test have failed: logInUsingMock java.lang.AssertionError: expected [QpwL5tke4Pnpja7X67778998944] but found [com.dto.UserResponse@5173200b]
2023-06-30 14:40:15,276 -0500 [main] INFO  (TestUtils.java:24) - Driver is null not screenshot was taken
2023-06-30 14:40:15,276 -0500 [main] INFO  (TestListeners.java:35) - Test have failed: logInUsingMock
2023-06-30 14:41:23,371 -0500 [main] INFO  (AbstractTest.java:22) - Starting wiremock server
2023-06-30 14:41:23,728 -0500 [main] INFO  (AbstractTest.java:25) - Configuring wiremock server
2023-06-30 14:41:23,746 -0500 [main] INFO  (TestListeners.java:18) - Starting test logInUsingMock
2023-06-30 14:41:24,321 -0500 [main] INFO  (LoginAPiTest.java:38) - Getting response using mock: com.dto.UserResponse@a10c1b5
2023-06-30 14:41:24,323 -0500 [main] INFO  (TestListeners.java:28) - This test have failed: logInUsingMock java.lang.AssertionError: expected [QpwL5tke4Pnpja7X67778998944] but found [com.dto.UserResponse@a10c1b5]
2023-06-30 14:41:24,323 -0500 [main] INFO  (TestUtils.java:24) - Driver is null not screenshot was taken
2023-06-30 14:41:24,323 -0500 [main] INFO  (TestListeners.java:35) - Test have failed: logInUsingMock
2023-06-30 14:43:45,007 -0500 [main] INFO  (AbstractTest.java:22) - Starting wiremock server
2023-06-30 14:43:45,369 -0500 [main] INFO  (AbstractTest.java:25) - Configuring wiremock server
2023-06-30 14:43:45,387 -0500 [main] INFO  (TestListeners.java:18) - Starting test logInUsingMock
2023-06-30 14:43:45,954 -0500 [main] INFO  (LoginAPiTest.java:38) - Getting response using mock: UserResponse(token=QpwL5tke4Pnpja7X67778998944)
2023-06-30 14:43:45,956 -0500 [main] INFO  (TestListeners.java:28) - This test have failed: logInUsingMock java.lang.AssertionError: expected [QpwL5tke4Pnpja7X67778998944] but found [UserResponse(token=QpwL5tke4Pnpja7X67778998944)]
2023-06-30 14:43:45,956 -0500 [main] INFO  (TestUtils.java:24) - Driver is null not screenshot was taken
2023-06-30 14:43:45,956 -0500 [main] INFO  (TestListeners.java:35) - Test have failed: logInUsingMock
2023-06-30 14:44:42,331 -0500 [main] INFO  (AbstractTest.java:22) - Starting wiremock server
2023-06-30 14:44:42,700 -0500 [main] INFO  (AbstractTest.java:25) - Configuring wiremock server
2023-06-30 14:44:42,719 -0500 [main] INFO  (TestListeners.java:18) - Starting test logInUsingMock
2023-06-30 14:44:43,298 -0500 [main] INFO  (LoginAPiTest.java:38) - Getting response using mock: com.dto.UserResponse@69b2f8e5
2023-06-30 14:44:43,300 -0500 [main] INFO  (TestListeners.java:28) - This test have failed: logInUsingMock java.lang.AssertionError: expected [QpwL5tke4Pnpja7X67778998944] but found [com.dto.UserResponse@69b2f8e5]
2023-06-30 14:44:43,300 -0500 [main] INFO  (TestUtils.java:24) - Driver is null not screenshot was taken
2023-06-30 14:44:43,301 -0500 [main] INFO  (TestListeners.java:35) - Test have failed: logInUsingMock
2023-06-30 14:45:09,881 -0500 [main] INFO  (AbstractTest.java:22) - Starting wiremock server
2023-06-30 14:45:10,245 -0500 [main] INFO  (AbstractTest.java:25) - Configuring wiremock server
2023-06-30 14:45:10,263 -0500 [main] INFO  (TestListeners.java:18) - Starting test logInUsingMock
2023-06-30 14:45:10,843 -0500 [main] INFO  (LoginAPiTest.java:38) - Getting response using mock: UserResponse(token=QpwL5tke4Pnpja7X67778998944)
2023-06-30 14:45:10,844 -0500 [main] INFO  (TestListeners.java:28) - This test have failed: logInUsingMock java.lang.AssertionError: expected [QpwL5tke4Pnpja7X67778998944] but found [UserResponse(token=QpwL5tke4Pnpja7X67778998944)]
2023-06-30 14:45:10,844 -0500 [main] INFO  (TestUtils.java:24) - Driver is null not screenshot was taken
2023-06-30 14:45:10,845 -0500 [main] INFO  (TestListeners.java:35) - Test have failed: logInUsingMock
2023-06-30 14:56:21,927 -0500 [main] INFO  (AbstractTest.java:22) - Starting wiremock server
2023-06-30 14:56:22,287 -0500 [main] INFO  (AbstractTest.java:25) - Configuring wiremock server
2023-06-30 14:56:22,306 -0500 [main] INFO  (TestListeners.java:18) - Starting test logInUsingMock
2023-06-30 14:56:22,880 -0500 [main] INFO  (LoginAPiTest.java:36) - Getting response using mock: UserResponse(token=QpwL5tke4Pnpja7X67778998944)
2023-06-30 14:56:22,882 -0500 [main] INFO  (TestListeners.java:28) - This test have failed: logInUsingMock java.lang.AssertionError: expected [QpwL5tke4Pnpja7X67778998944] but found [UserResponse(token=QpwL5tke4Pnpja7X67778998944)]
2023-06-30 14:56:22,882 -0500 [main] INFO  (TestUtils.java:24) - Driver is null not screenshot was taken
2023-06-30 14:56:22,882 -0500 [main] INFO  (TestListeners.java:35) - Test have failed: logInUsingMock
2023-06-30 14:58:22,011 -0500 [main] INFO  (AbstractTest.java:22) - Starting wiremock server
2023-06-30 14:58:22,370 -0500 [main] INFO  (AbstractTest.java:25) - Configuring wiremock server
2023-06-30 14:58:22,385 -0500 [main] INFO  (TestListeners.java:18) - Starting test logInUsingMock
2023-06-30 14:58:22,956 -0500 [main] INFO  (LoginAPiTest.java:34) - Getting response using mock: UserResponse(token=QpwL5tke4Pnpja7X67778998944)
2023-06-30 14:58:22,958 -0500 [main] INFO  (TestListeners.java:28) - This test have failed: logInUsingMock java.lang.AssertionError: expected [QpwL5tke4Pnpja7X67778998944] but found [UserResponse(token=QpwL5tke4Pnpja7X67778998944)]
2023-06-30 14:58:22,958 -0500 [main] INFO  (TestUtils.java:24) - Driver is null not screenshot was taken
2023-06-30 14:58:22,958 -0500 [main] INFO  (TestListeners.java:35) - Test have failed: logInUsingMock
2023-06-30 15:06:24,252 -0500 [main] INFO  (AbstractTest.java:22) - Starting wiremock server
2023-06-30 15:06:24,628 -0500 [main] INFO  (AbstractTest.java:25) - Configuring wiremock server
2023-06-30 15:06:24,646 -0500 [main] INFO  (TestListeners.java:18) - Starting test logInUsingMock
2023-06-30 15:06:25,269 -0500 [main] INFO  (LoginAPiTest.java:36) - Getting response using mock: QpwL5tke4Pnpja7X67778998944
2023-06-30 15:07:43,428 -0500 [main] INFO  (AbstractTest.java:22) - Starting wiremock server
2023-06-30 15:07:43,804 -0500 [main] INFO  (AbstractTest.java:25) - Configuring wiremock server
2023-06-30 15:07:43,823 -0500 [main] INFO  (TestListeners.java:18) - Starting test logInUsingMock
2023-06-30 15:07:44,414 -0500 [main] INFO  (LoginAPiTest.java:36) - Getting response using mock: QpwL5tke4Pnpja7X67778998944
2023-06-30 15:07:44,417 -0500 [main] INFO  (AbstractTest.java:41) - Closing wiremock server
2023-06-30 15:08:18,319 -0500 [main] INFO  (AbstractTest.java:22) - Starting wiremock server
2023-06-30 15:08:18,670 -0500 [main] INFO  (AbstractTest.java:25) - Configuring wiremock server
2023-06-30 15:08:18,688 -0500 [main] INFO  (TestListeners.java:18) - Starting test logInUsingMock
2023-06-30 15:08:19,256 -0500 [main] INFO  (LoginAPiTest.java:36) - Getting response using mock: QpwL5tke4Pnpja7X6000
2023-06-30 15:08:19,258 -0500 [main] INFO  (AbstractTest.java:41) - Closing wiremock server
2023-06-30 15:21:38,202 -0500 [main] INFO  (AbstractTest.java:22) - Starting wiremock server
2023-06-30 15:21:38,563 -0500 [main] INFO  (AbstractTest.java:25) - Configuring wiremock server
2023-06-30 15:22:02,565 -0500 [main] INFO  (TestListeners.java:18) - Starting test loginInvalidUser
2023-06-30 15:25:14,230 -0500 [main] INFO  (TestListeners.java:28) - This test have failed: loginInvalidUser org.openqa.selenium.TimeoutException: Expected condition failed: waiting for element to be clickable: Proxy element for: DefaultElementLocator 'By.xpath: //button[contains(text(),'Log in1')]' (tried for 80 second(s) with 500 milliseconds interval)
2023-06-30 15:25:14,548 -0500 [main] INFO  (TestListeners.java:35) - Test have failed: loginInvalidUser
2023-06-30 15:25:14,715 -0500 [main] INFO  (AbstractTest.java:41) - Closing wiremock server
2023-06-30 15:30:48,851 -0500 [main] INFO  (AbstractTest.java:22) - Starting wiremock server
2023-06-30 15:30:49,217 -0500 [main] INFO  (AbstractTest.java:25) - Configuring wiremock server
2023-06-30 15:30:54,498 -0500 [main] INFO  (TestListeners.java:18) - Starting test loginInvalidUser
2023-06-30 15:31:06,985 -0500 [main] INFO  (AbstractTest.java:41) - Closing wiremock server
2023-06-30 15:31:45,636 -0500 [main] INFO  (AbstractTest.java:22) - Starting wiremock server
2023-06-30 15:31:45,992 -0500 [main] INFO  (AbstractTest.java:25) - Configuring wiremock server
2023-06-30 15:31:51,277 -0500 [main] INFO  (TestListeners.java:18) - Starting test loginInvalidUser
2023-06-30 15:35:03,015 -0500 [main] INFO  (TestListeners.java:28) - This test have failed: loginInvalidUser org.openqa.selenium.TimeoutException: Expected condition failed: waiting for element to be clickable: Proxy element for: DefaultElementLocator 'By.xpath: //button[contains(text(),'Log in1')]' (tried for 80 second(s) with 500 milliseconds interval)
2023-06-30 15:35:03,061 -0500 [main] INFO  (TestUtils.java:19) - Taking screenshot
2023-06-30 15:35:05,541 -0500 [main] INFO  (TestListeners.java:35) - Test have failed: loginInvalidUser
2023-06-30 15:35:05,708 -0500 [main] INFO  (AbstractTest.java:41) - Closing wiremock server
2023-06-30 15:37:25,652 -0500 [main] INFO  (AbstractTest.java:22) - Starting wiremock server
2023-06-30 15:37:32,855 -0500 [main] INFO  (AbstractTest.java:25) - Configuring wiremock server
2023-06-30 15:37:45,541 -0500 [main] INFO  (TestListeners.java:18) - Starting test loginInvalidUser
2023-06-30 15:42:09,679 -0500 [main] INFO  (TestListeners.java:28) - This test have failed: loginInvalidUser org.openqa.selenium.TimeoutException: Expected condition failed: waiting for element to be clickable: Proxy element for: DefaultElementLocator 'By.xpath: //button[contains(text(),'Log in1')]' (tried for 80 second(s) with 500 milliseconds interval)
2023-06-30 15:42:16,612 -0500 [main] INFO  (TestUtils.java:19) - Taking screenshot
2023-06-30 15:43:45,370 -0500 [main] INFO  (TestListeners.java:35) - Test have failed: loginInvalidUser
2023-06-30 15:44:27,118 -0500 [main] INFO  (AbstractTest.java:22) - Starting wiremock server
2023-06-30 15:44:27,481 -0500 [main] INFO  (AbstractTest.java:25) - Configuring wiremock server
2023-06-30 15:44:32,873 -0500 [main] INFO  (TestListeners.java:18) - Starting test loginInvalidUser
2023-06-30 15:47:44,546 -0500 [main] INFO  (TestListeners.java:28) - This test have failed: loginInvalidUser org.openqa.selenium.TimeoutException: Expected condition failed: waiting for element to be clickable: Proxy element for: DefaultElementLocator 'By.xpath: //button[contains(text(),'Log in1')]' (tried for 80 second(s) with 500 milliseconds interval)
2023-06-30 15:47:44,619 -0500 [main] INFO  (TestUtils.java:19) - Taking screenshot
2023-06-30 15:47:44,900 -0500 [main] INFO  (TestListeners.java:35) - Test have failed: loginInvalidUser
2023-06-30 15:47:45,069 -0500 [main] INFO  (AbstractTest.java:41) - Closing wiremock server
2023-06-30 15:59:23,839 -0500 [main] INFO  (AbstractTest.java:22) - Starting wiremock server
2023-06-30 15:59:33,526 -0500 [main] INFO  (AbstractTest.java:25) - Configuring wiremock server
2023-06-30 15:59:49,741 -0500 [main] INFO  (TestListeners.java:18) - Starting test loginInvalidUser
2023-06-30 16:03:12,504 -0500 [main] INFO  (TestListeners.java:28) - This test have failed: loginInvalidUser org.openqa.selenium.TimeoutException: Expected condition failed: waiting for element to be clickable: Proxy element for: DefaultElementLocator 'By.xpath: //button[contains(text(),'Log in1')]' (tried for 80 second(s) with 500 milliseconds interval)
2023-06-30 16:05:36,812 -0500 [main] INFO  (TestUtils.java:19) - Taking screenshot
2023-06-30 16:07:47,863 -0500 [main] INFO  (TestListeners.java:35) - Test have failed: loginInvalidUser
2023-06-30 16:09:43,586 -0500 [main] INFO  (AbstractTest.java:41) - Closing wiremock server
2023-06-30 16:09:51,381 -0500 [main] INFO  (AbstractTest.java:21) - Starting wiremock server
2023-06-30 16:09:51,790 -0500 [main] INFO  (AbstractTest.java:24) - Configuring wiremock server
2023-06-30 16:09:57,143 -0500 [main] INFO  (TestListeners.java:18) - Starting test loginInvalidUser
2023-06-30 16:13:08,557 -0500 [main] INFO  (TestListeners.java:28) - This test have failed: loginInvalidUser org.openqa.selenium.TimeoutException: Expected condition failed: waiting for element to be clickable: Proxy element for: DefaultElementLocator 'By.xpath: //button[contains(text(),'Log in1')]' (tried for 80 second(s) with 500 milliseconds interval)
2023-06-30 16:13:08,634 -0500 [main] INFO  (TestUtils.java:19) - Taking screenshot
2023-06-30 16:13:09,021 -0500 [main] INFO  (TestListeners.java:35) - Test have failed: loginInvalidUser
2023-06-30 16:13:09,250 -0500 [main] INFO  (AbstractTest.java:40) - Closing wiremock server
2023-06-30 16:43:41,562 -0500 [main] INFO  (AbstractTest.java:28) - Starting wiremock server
2023-06-30 16:43:41,954 -0500 [main] INFO  (AbstractTest.java:31) - Configuring wiremock server
2023-06-30 16:44:03,269 -0500 [main] INFO  (TestListeners.java:20) - Starting test loginInvalidUser
2023-06-30 16:44:15,538 -0500 [main] DEBUG (_Log4jLoggerFactory.java:45) - Couldn't find template in cache for "Extent.ftl"("en_UY", UTF-8, parsed); will try to load it.
2023-06-30 16:44:15,538 -0500 [main] DEBUG (_Log4jLoggerFactory.java:45) - TemplateLoader.findTemplateSource("Extent_en_UY.ftl"): Not found
2023-06-30 16:44:15,539 -0500 [main] DEBUG (_Log4jLoggerFactory.java:45) - TemplateLoader.findTemplateSource("Extent_en.ftl"): Not found
2023-06-30 16:44:15,539 -0500 [main] DEBUG (_Log4jLoggerFactory.java:45) - TemplateLoader.findTemplateSource("Extent.ftl"): Found
2023-06-30 16:44:15,539 -0500 [main] DEBUG (_Log4jLoggerFactory.java:45) - Loading template for "Extent.ftl"("en_UY", UTF-8, parsed) from "jar:file:/Users/edurand/Desktop/maven%20settings/com/relevantcodes/extentreports/2.41.2/extentreports-2.41.2.jar!/com/relevantcodes/extentreports/view/Extent.ftl"
2023-06-30 16:44:15,768 -0500 [main] INFO  (AbstractTest.java:47) - Closing wiremock server
2023-06-30 16:55:35,601 -0500 [main] INFO  (AbstractTest.java:28) - Starting wiremock server
2023-06-30 16:55:35,977 -0500 [main] INFO  (AbstractTest.java:31) - Configuring wiremock server
2023-06-30 16:55:41,271 -0500 [main] INFO  (TestListeners.java:20) - Starting test loginInvalidUser
2023-06-30 16:55:53,840 -0500 [main] DEBUG (_Log4jLoggerFactory.java:45) - Couldn't find template in cache for "Extent.ftl"("en_UY", UTF-8, parsed); will try to load it.
2023-06-30 16:55:53,841 -0500 [main] DEBUG (_Log4jLoggerFactory.java:45) - TemplateLoader.findTemplateSource("Extent_en_UY.ftl"): Not found
2023-06-30 16:55:53,841 -0500 [main] DEBUG (_Log4jLoggerFactory.java:45) - TemplateLoader.findTemplateSource("Extent_en.ftl"): Not found
2023-06-30 16:55:53,841 -0500 [main] DEBUG (_Log4jLoggerFactory.java:45) - TemplateLoader.findTemplateSource("Extent.ftl"): Found
2023-06-30 16:55:53,841 -0500 [main] DEBUG (_Log4jLoggerFactory.java:45) - Loading template for "Extent.ftl"("en_UY", UTF-8, parsed) from "jar:file:/Users/edurand/Desktop/maven%20settings/com/relevantcodes/extentreports/2.41.2/extentreports-2.41.2.jar!/com/relevantcodes/extentreports/view/Extent.ftl"
2023-06-30 16:55:54,080 -0500 [main] INFO  (AbstractTest.java:47) - Closing wiremock server
2023-07-05 21:54:17,786 -0500 [main] INFO  (TestListeners.java:20) - Starting test logInUsingMock
2023-07-05 21:54:18,236 -0500 [main] INFO  (TestListeners.java:34) - This test have failed: logInUsingMock java.lang.IllegalStateException: Not listening on HTTP port. Either HTTP is not enabled or the WireMock server is stopped.
2023-07-05 21:54:18,236 -0500 [main] INFO  (TestUtils.java:25) - Driver is null not screenshot was taken
2023-07-05 21:54:18,243 -0500 [main] DEBUG (_Log4jLoggerFactory.java:45) - Couldn't find template in cache for "Extent.ftl"("en_UY", UTF-8, parsed); will try to load it.
2023-07-05 21:54:18,243 -0500 [main] DEBUG (_Log4jLoggerFactory.java:45) - TemplateLoader.findTemplateSource("Extent_en_UY.ftl"): Not found
2023-07-05 21:54:18,244 -0500 [main] DEBUG (_Log4jLoggerFactory.java:45) - TemplateLoader.findTemplateSource("Extent_en.ftl"): Not found
2023-07-05 21:54:18,244 -0500 [main] DEBUG (_Log4jLoggerFactory.java:45) - TemplateLoader.findTemplateSource("Extent.ftl"): Found
2023-07-05 21:54:18,244 -0500 [main] DEBUG (_Log4jLoggerFactory.java:45) - Loading template for "Extent.ftl"("en_UY", UTF-8, parsed) from "jar:file:/Users/edurand/Desktop/maven%20settings/com/relevantcodes/extentreports/2.41.2/extentreports-2.41.2.jar!/com/relevantcodes/extentreports/view/Extent.ftl"
2023-07-05 21:54:18,329 -0500 [main] INFO  (TestListeners.java:44) - Test have failed: logInUsingMock
2023-07-05 21:55:03,953 -0500 [main] INFO  (TestListeners.java:20) - Starting test logInUsingMock
2023-07-05 21:55:04,919 -0500 [main] INFO  (TestListeners.java:34) - This test have failed: logInUsingMock wiremock.org.apache.hc.client5.http.HttpHostConnectException: Connect to http://localhost:8080 [localhost/127.0.0.1, localhost/0:0:0:0:0:0:0:1] failed: Connection refused
2023-07-05 21:55:04,920 -0500 [main] INFO  (TestUtils.java:25) - Driver is null not screenshot was taken
2023-07-05 21:55:04,925 -0500 [main] DEBUG (_Log4jLoggerFactory.java:45) - Couldn't find template in cache for "Extent.ftl"("en_UY", UTF-8, parsed); will try to load it.
2023-07-05 21:55:04,925 -0500 [main] DEBUG (_Log4jLoggerFactory.java:45) - TemplateLoader.findTemplateSource("Extent_en_UY.ftl"): Not found
2023-07-05 21:55:04,926 -0500 [main] DEBUG (_Log4jLoggerFactory.java:45) - TemplateLoader.findTemplateSource("Extent_en.ftl"): Not found
2023-07-05 21:55:04,926 -0500 [main] DEBUG (_Log4jLoggerFactory.java:45) - TemplateLoader.findTemplateSource("Extent.ftl"): Found
2023-07-05 21:55:04,926 -0500 [main] DEBUG (_Log4jLoggerFactory.java:45) - Loading template for "Extent.ftl"("en_UY", UTF-8, parsed) from "jar:file:/Users/edurand/Desktop/maven%20settings/com/relevantcodes/extentreports/2.41.2/extentreports-2.41.2.jar!/com/relevantcodes/extentreports/view/Extent.ftl"
2023-07-05 21:55:05,015 -0500 [main] INFO  (TestListeners.java:44) - Test have failed: logInUsingMock
2023-07-05 21:55:27,958 -0500 [main] INFO  (TestListeners.java:20) - Starting test logInUsingMock
2023-07-05 21:55:28,843 -0500 [main] INFO  (TestListeners.java:34) - This test have failed: logInUsingMock wiremock.org.apache.hc.client5.http.HttpHostConnectException: Connect to http://localhost:8080 [localhost/127.0.0.1, localhost/0:0:0:0:0:0:0:1] failed: Connection refused
2023-07-05 21:55:28,843 -0500 [main] INFO  (TestUtils.java:25) - Driver is null not screenshot was taken
2023-07-05 21:55:28,848 -0500 [main] DEBUG (_Log4jLoggerFactory.java:45) - Couldn't find template in cache for "Extent.ftl"("en_UY", UTF-8, parsed); will try to load it.
2023-07-05 21:55:28,849 -0500 [main] DEBUG (_Log4jLoggerFactory.java:45) - TemplateLoader.findTemplateSource("Extent_en_UY.ftl"): Not found
2023-07-05 21:55:28,849 -0500 [main] DEBUG (_Log4jLoggerFactory.java:45) - TemplateLoader.findTemplateSource("Extent_en.ftl"): Not found
2023-07-05 21:55:28,849 -0500 [main] DEBUG (_Log4jLoggerFactory.java:45) - TemplateLoader.findTemplateSource("Extent.ftl"): Found
2023-07-05 21:55:28,849 -0500 [main] DEBUG (_Log4jLoggerFactory.java:45) - Loading template for "Extent.ftl"("en_UY", UTF-8, parsed) from "jar:file:/Users/edurand/Desktop/maven%20settings/com/relevantcodes/extentreports/2.41.2/extentreports-2.41.2.jar!/com/relevantcodes/extentreports/view/Extent.ftl"
2023-07-05 21:55:28,927 -0500 [main] INFO  (TestListeners.java:44) - Test have failed: logInUsingMock
2023-07-05 21:56:58,082 -0500 [main] INFO  (TestListeners.java:20) - Starting test logInUsingMock
2023-07-05 21:56:58,465 -0500 [main] INFO  (TestListeners.java:34) - This test have failed: logInUsingMock java.lang.IllegalStateException: Not listening on HTTP port. Either HTTP is not enabled or the WireMock server is stopped.
2023-07-05 21:56:58,466 -0500 [main] INFO  (TestUtils.java:25) - Driver is null not screenshot was taken
2023-07-05 21:56:58,472 -0500 [main] DEBUG (_Log4jLoggerFactory.java:45) - Couldn't find template in cache for "Extent.ftl"("en_UY", UTF-8, parsed); will try to load it.
2023-07-05 21:56:58,473 -0500 [main] DEBUG (_Log4jLoggerFactory.java:45) - TemplateLoader.findTemplateSource("Extent_en_UY.ftl"): Not found
2023-07-05 21:56:58,473 -0500 [main] DEBUG (_Log4jLoggerFactory.java:45) - TemplateLoader.findTemplateSource("Extent_en.ftl"): Not found
2023-07-05 21:56:58,473 -0500 [main] DEBUG (_Log4jLoggerFactory.java:45) - TemplateLoader.findTemplateSource("Extent.ftl"): Found
2023-07-05 21:56:58,473 -0500 [main] DEBUG (_Log4jLoggerFactory.java:45) - Loading template for "Extent.ftl"("en_UY", UTF-8, parsed) from "jar:file:/Users/edurand/Desktop/maven%20settings/com/relevantcodes/extentreports/2.41.2/extentreports-2.41.2.jar!/com/relevantcodes/extentreports/view/Extent.ftl"
2023-07-05 21:56:58,552 -0500 [main] INFO  (TestListeners.java:44) - Test have failed: logInUsingMock
2023-07-05 22:01:05,675 -0500 [main] INFO  (TestListeners.java:20) - Starting test logInUsingMock
2023-07-05 22:09:39,103 -0500 [main] INFO  (AbstractTest.java:27) - Starting wiremock server
2023-07-05 22:09:39,479 -0500 [main] INFO  (AbstractTest.java:30) - Configuring wiremock server
2023-07-05 22:10:06,850 -0500 [main] INFO  (AbstractTest.java:27) - Starting wiremock server
2023-07-05 22:10:07,206 -0500 [main] INFO  (AbstractTest.java:30) - Configuring wiremock server
2023-07-05 22:10:07,808 -0500 [main] INFO  (LoginAPiTest.java:38) - Getting response using mock: QpwL5tke4Pnpja7X6000
2023-07-05 22:10:07,833 -0500 [main] INFO  (AbstractTest.java:46) - Closing wiremock server
2023-07-05 22:25:36,517 -0500 [main] INFO  (WireMockUtils.java:30) - Starting wiremock server
2023-07-05 22:25:36,879 -0500 [main] INFO  (WireMockUtils.java:33) - Configuring wiremock server
2023-07-05 22:25:36,885 -0500 [main] INFO  (LoginAPiTest.java:33) - Wiremock server url: http://localhost:60339
2023-07-05 22:27:28,944 -0500 [main] INFO  (WireMockUtils.java:26) - Starting wiremock server
2023-07-05 22:27:29,309 -0500 [main] INFO  (WireMockUtils.java:29) - Configuring wiremock server
2023-07-05 22:27:59,881 -0500 [main] INFO  (WireMockUtils.java:26) - Starting wiremock server
2023-07-05 22:28:00,239 -0500 [main] INFO  (WireMockUtils.java:29) - Configuring wiremock server
2023-07-05 22:28:21,096 -0500 [main] INFO  (WireMockUtils.java:26) - Starting wiremock server
2023-07-05 22:28:21,454 -0500 [main] INFO  (WireMockUtils.java:29) - Configuring wiremock server
2023-07-05 22:28:22,452 -0500 [main] INFO  (LoginAPiTest.java:34) - Getting response using mock: QpwL5tke4Pnpja7X4
2023-07-05 22:29:09,566 -0500 [main] INFO  (WireMockUtils.java:26) - Starting wiremock server
2023-07-05 22:29:09,924 -0500 [main] INFO  (WireMockUtils.java:29) - Configuring wiremock server
2023-07-05 22:29:10,877 -0500 [main] INFO  (LoginAPiTest.java:34) - Getting response using mock: QpwL5tke4Pnpja7X4
2023-07-05 22:31:31,710 -0500 [main] INFO  (WireMockUtils.java:26) - Starting wiremock server
2023-07-05 22:31:32,073 -0500 [main] INFO  (WireMockUtils.java:29) - Configuring wiremock server
2023-07-05 22:31:33,062 -0500 [main] INFO  (LoginAPiTest.java:34) - Getting response using mock: QpwL5tke4Pnpja7X4
2023-07-05 22:32:13,216 -0500 [main] INFO  (WireMockUtils.java:26) - Starting wiremock server
2023-07-05 22:32:13,578 -0500 [main] INFO  (WireMockUtils.java:29) - Configuring wiremock server
2023-07-05 22:32:25,674 -0500 [main] INFO  (WireMockUtils.java:26) - Starting wiremock server
2023-07-05 22:32:26,030 -0500 [main] INFO  (WireMockUtils.java:29) - Configuring wiremock server
2023-07-05 22:32:26,996 -0500 [main] INFO  (LoginAPiTest.java:34) - Getting response using mock: QpwL5tke4Pnpja7X4
2023-07-05 22:34:07,412 -0500 [main] INFO  (WireMockUtils.java:32) - Starting wiremock server
2023-07-05 22:34:07,761 -0500 [main] INFO  (WireMockUtils.java:35) - Configuring wiremock server
2023-07-05 22:34:08,273 -0500 [main] INFO  (LoginAPiTest.java:36) - Getting response using mock: QpwL5tke4Pnpja7X890
2023-07-06 13:30:00,374 -0500 [main] INFO  (TestListeners.java:20) - Starting test logInUsingMock
2023-07-06 13:30:00,482 -0500 [main] INFO  (WireMockUtils.java:30) - Starting wiremock server
2023-07-06 13:30:00,861 -0500 [main] INFO  (WireMockUtils.java:33) - Configuring wiremock server
2023-07-06 13:30:01,502 -0500 [main] INFO  (LoginAPiTest.java:36) - Getting response using mock: QpwL5tke4Pnpja7X890
2023-07-06 13:30:01,509 -0500 [main] DEBUG (_Log4jLoggerFactory.java:45) - Couldn't find template in cache for "Extent.ftl"("en_UY", UTF-8, parsed); will try to load it.
2023-07-06 13:30:01,510 -0500 [main] DEBUG (_Log4jLoggerFactory.java:45) - TemplateLoader.findTemplateSource("Extent_en_UY.ftl"): Not found
2023-07-06 13:30:01,510 -0500 [main] DEBUG (_Log4jLoggerFactory.java:45) - TemplateLoader.findTemplateSource("Extent_en.ftl"): Not found
2023-07-06 13:30:01,511 -0500 [main] DEBUG (_Log4jLoggerFactory.java:45) - TemplateLoader.findTemplateSource("Extent.ftl"): Found
2023-07-06 13:30:01,511 -0500 [main] DEBUG (_Log4jLoggerFactory.java:45) - Loading template for "Extent.ftl"("en_UY", UTF-8, parsed) from "jar:file:/Users/edurand/Desktop/maven%20settings/com/relevantcodes/extentreports/2.41.2/extentreports-2.41.2.jar!/com/relevantcodes/extentreports/view/Extent.ftl"
